VT_RPDPTS8	27:06:2025 10:07:46	VT0001	z bledem	ciejka
VT_RPDPTS8	27:06:2025 10:12:59	VT0002	bez bledu	ciejka
VT_RPDPTS8	16:07:2025 15:51:59	VT0003	pierwsza wersja dla sc4	ciejka
VT_RPDPTS8	17:07:2025 16:00:11	VT0004	nowe vt dla sc4	ciejka
VT_RPDPTS8	18:07:2025 09:12:25	VT0005	Nala, Nell B i Nell C wspolnie podejscie 3	ciejka
VT_RPDPTS8	18:07:2025 09:33:38	VT0006	Nala, Nell B i Nell C wspolnie podejscie 4	ciejka
VT_RPDPTS8	24:07:2025 08:06:46	VT0007	zmiany dla nell C	ciejka
VT_RPDPTS8	30:07:2025 09:04:14	VT0008	mam nadzieje ostateczne nowe drytab-y bazuje na vt02	cim5lod
VT_RPDPTS8	03:09:2025 13:35:05	VT0009	import z Z8 z Kamila VT03	cim5lod
VT_RPDPTS8	03:09:2025 13:46:20	VT0010	zmiana czasu w splukiwaniu FT77=>FT64, FT78=>FT77	cim5lod
VT_RPDPTS8	15:09:2025 14:38:09	VT0011	This is the next VT needed to test SC4 software before releasing it.It's gonna base on latest version of test project : RPDPTZ8_VT0010.Add change:Change time for :rising100:FT77 (2min) =>FT64 (6min),add new line:rising 102Remain time plus with TimeFix51 (5min)Start/ Waiting for with TimeFix51 (5min)Only for testing and set final time for this cells in VT.In Software rising 100 & 102 will be separatelyChange for DT21,22,23,24,D1,D2,D3,D4In resreve1:change position between Const10 & Const11	cim5lod
VT_RPDPTS8	16:09:2025 09:47:46	VT0012	VT na potrzeby testu wagi Nell C	cim5lod
VT_RPDPTS8	17:09:2025 08:38:42	VT0013	Nell B testy na wadze	cim5lod
VT_RPDPTS8	17:09:2025 10:03:06	VT0014	waga 2 nell c	cim5lod
VT_RPDPTS8	17:09:2025 12:26:45	VT0015	This is the next VT needed to test SC4 software before releasing it.It's gonna base on latest version of test project : RPDPTZ8_VT0011.Add change:Change time for :drumtab:D2: 1/52,2/max/infD3: 2/L/25,1/max/60 and second section:0/max/45drytab1:D28: "+" for bit:29,28,26	cim5lod
VT_RPDPTS8	17:09:2025 12:34:16	VT0016	This is the next VT needed to test SC4 software before releasing it.It's gonna base on latest version of test project : RPDPTZ8_VT0011.Add change:Change time for :drumtab:D2: 2/L/25,1/max/60 and second section 1/52,2/max/infD3: 2/L/25,1/max/60 and second section:0/max/45drytab1:D28: "+" for bit:29,28,26	cim5lod
VT_RPDPTS8	17:09:2025 13:06:29	VT0017	This is the next VT needed to test SC4 software before releasing it.It's gonna base on latest version of test project : RPDPTZ8_VT0011.Add change:Change time for :drumtab:D2: 2/L/25,1/max/60 and second section 1/52,2/max/45D3: 2/L/25,1/max/60 and second section:0/max/45drytab1:D28: "+" for bit:29,28,26	cim5lod
VT_RPDPTS8	17:09:2025 14:48:54	VT0018	This is the next VT needed to test SC4 software before releasing it.It's gonna base on latest version of test project : RPDPTZ8_VT0011.Add change:Change time for :drumtab:D2: 2/L/25,1/max/60 and second section 1/52,2/max/45D3: 2/L/25,1/max/60 and second section:0/max/45drytab1:D28: "+" for bit:29,28,26	cim5lod
VT_RPDPTS8	19:09:2025 12:58:02	VT0019	This is the next VT needed to test SC4 software before releasing it.It's gonna base on latest version of test project : RPDPTZ8_VT0018.Add change:Change time for :moisttab:variant3: moist32 175=>160 for 1-12 kgtimetab:time84 10=>3 for 7-12kg, 1=>3 for 1-6kgtime82 1-6kg: 8, 7-12kg: 18time161: 1-6kg: 24, 7-12kg: 37Set time and moisttab acc tests on weight	cim5lod
VT_RPDPTS8	25:09:2025 11:46:34	VT0020	rising finished	cim5lod
VT_RPDPTS8	25:09:2025 12:17:42	VT0021	This is the next VT needed to test SC4 software before releasing it.It's gonna base on latest version of test project : RPDPTZ8_VT0019.Add change:drytab1 & drytab21:for rising 100:Start/ Waiting for FixTime64 => Rising-finished,FixTime64:https://production.polarion.bshg.com/polarion/#/project/LC_CS_Function_Library/workitem?id=LCFL-110215	cim5lod
VT_RPDPTS8	29:09:2025 09:53:13	VT0022	This is the next VT needed to test SC4 software before releasing it.It's gonna base on latest version of test project : RPDPTZ8_VT0019.Add change:tempstwftabnew line for temp5 for CC2 & CC3 with value: 60temp 3 60=>56new comments for: ColdDown 1 => ColdDown step2, ColdDown 2 => ColdDown step1drytab1&drytab21:new line before rising200 (last time pumping):Set fan - Fan4Start/ Waiting for	<Temp3,D,Time205timetab:time84: for CC3: 1-6kg: 1min, 7-12kg: 10minfor CC2: 1-6kg: 1min, 7-12kg: 12mintime 82:for CC2: 1-6kg: 7min, 7-12kg: 30mintime 162:for CC2: 1-6kg: 16min, 7-12kg: 32minmoisturetab:moist32:for CC2 7-12kg: 175=>200	cim5lod
VT_RPDPTS8	07:10:2025 09:35:41	VT0023	This is the next VT needed to test SC4 software before releasing it.It's gonna base on latest version of test project : RPDPTZ8_VT0022.Add change:drytab1:add new line:Remain time plus	Time203Remain time plus	Time202Remain time plus	Time202Set Rinsing	104Remain time plus	FixTime51Start/ Waiting for	FixTime51drytab2:Set Rinsing	104Remain time plus	FixTime51Start/ Waiting for	FixTime51Remain time plus	Time206Start/ Waiting for	<Temp3,D,Time204drytab21:Set Rinsing	104Remain time plus	FixTime51Start/ Waiting for	FixTime51Remain time plus	Time203drytab22:Set Rinsing	104Remain time plus	FixTime51Start/ Waiting for	FixTime51Remain time plus	Time206Start/ Waiting for	<Temp3,D,Time204drytab3,4,23,24:Set Rinsing	104Remain time plus	FixTime51Start/ Waiting for	FixTime51timetab:time84: for CC3: 1-6kg: 0min, 7-12kg: 13minfor CC2: 1-6kg: 0minmoisturetab:moist32:for CC2 1-6kg: 200=>185drytab 4,24:change "+" bug in bedlinen	cim5lod
VT_RPDPTS8	13:10:2025 09:17:05	VT0024	This is the next VT needed to test SC4 software before releasing it.It's gonna base on latest version of test project : RPDPTZ8_VT0023.Add change:drumtab:D2 L 25,1=> 52,2D3 on time 45=>40, 60=>80	cim5lod
VT_RPDPTS8	13:10:2025 10:47:07	VT0025	This is the next VT needed to test SC4 software before releasing it.It's gonna base on latest version of test project : RPDPTZ8_VT0023.Add change:drumtab:D2 L 25,1=> 52,2D3 on time 45=>40, 60=>80D28 25,1 => 52,2drytab 1-4 & 21-24:fixtime78=> fixtime77	cim5lod
VT_RPDPTS8	14:10:2025 14:19:44	VT0026	This is the next VT needed to test SC4 software before releasing it.It's gonna base on latest version of test project : RPDPTZ8_VT0025.Add change:drumtab:D2 45=>55	cim5lod
VT_RPDPTS8	15:10:2025 12:03:44	VT0027	This is the next VT needed to test SC4 software before releasing it.It's gonna base on latest version of test project : RPDPTZ8_VT0026.Add change:heatsourceconsttab:const3 55=>255 for CC3	cim5lod
VT_RPDPTS8	15:10:2025 12:19:07	VT0028	This is the next VT needed to test SC4 software before releasing it.It's gonna base on latest version of test project : RPDPTZ8_VT0026.Add change:heatsourceconsttab:const3 55=>255 for CC3drumtab:D2 55=>70	cim5lod
